<?xml version="1.0" encoding="utf-8"?><testsuites name="pytest tests"><testsuite name="pytest" errors="0" failures="1" skipped="0" tests="35" time="7.713" timestamp="2026-09-21T02:48:51.684388+00:00" hostname="agent-env-016d1f0d-b46c-427e-adab-475bfbd511a7"><testcase classname="tests.backend_test.TestAuth" name="test_admin_login" time="0.797" /><testcase classname="tests.backend_test.TestRekapExport" name="test_rekap" time="0.804" /><testcase classname="tests.backend_test.TestAuth" name="test_kader_login" time="0.415" /><testcase classname="tests.backend_test.TestRekapExport" name="test_export[kasus-csv]" time="0.430" /><testcase classname="tests.backend_test.TestAuth" name="test_bad_password" time="0.383" /><testcase classname="tests.backend_test.TestRekapExport" name="test_export[kasus-excel]" time="0.885" /><testcase classname="tests.backend_test.TestAuth" name="test_me_requires_auth" time="0.521" /><testcase classname="tests.backend_test.TestRekapExport" name="test_export[kasus-pdf]" time="0.391"><failure message="assert 500 == 200&#10; +  where 500 = &lt;Response [500]&gt;.status_code">backend/tests/backend_test.py:288: in test_export
    assert r.status_code == 200
E   assert 500 == 200
E    +  where 500 = &lt;Response [500]&gt;.status_code</failure></testcase><testcase classname="tests.backend_test.TestRekapExport" name="test_export[kunjungan-csv]" time="0.247" /><testcase classname="tests.backend_test.TestAuth" name="test_me_returns_user" time="0.817" /><testcase classname="tests.backend_test.TestRekapExport" name="test_export[keluarga-csv]" time="0.152" /><testcase classname="tests.backend_test.TestRoleIsolation" name="test_kader_cannot_kpi" time="0.592" /><testcase classname="tests.backend_test.TestMaster" name="test_questions" time="0.775" /><testcase classname="tests.backend_test.TestRoleIsolation" name="test_kader_cannot_kasus" time="0.124" /><testcase classname="tests.backend_test.TestRoleIsolation" name="test_kader_cannot_akreditasi" time="0.140" /><testcase classname="tests.backend_test.TestMaster" name="test_questions_group_filter" time="0.127" /><testcase classname="tests.backend_test.TestRoleIsolation" name="test_kader_cannot_audit" time="0.155" /><testcase classname="tests.backend_test.TestMaster" name="test_groups" time="0.152" /><testcase classname="tests.backend_test.TestKeluarga" name="test_kader_list_scoped" time="0.168" /><testcase classname="tests.backend_test.TestMaster" name="test_update_question_admin_only" time="0.166" /><testcase classname="tests.backend_test.TestKeluarga" name="test_kader_search" time="0.164" /><testcase classname="tests.backend_test.TestKasus" name="test_list_kasus" time="0.148" /><testcase classname="tests.backend_test.TestKeluarga" name="test_kader_create_outside_wilayah_forbidden" time="0.216" /><testcase classname="tests.backend_test.TestKasus" name="test_filter_by_priority" time="0.120" /><testcase classname="tests.backend_test.TestKasus" name="test_update_case_status_and_reason" time="0.597" /><testcase classname="tests.backend_test.TestKeluarga" name="test_full_kader_flow_create_family_member_visit" time="1.413" /><testcase classname="tests.backend_test.TestKaderMgmt" name="test_list_kader" time="0.153" /><testcase classname="tests.backend_test.TestKaderMgmt" name="test_add_kader" time="0.728" /><testcase classname="tests.backend_test.TestKaderBeranda" name="test_beranda" time="0.127" /><testcase classname="tests.backend_test.TestAdminDashboard" name="test_kpi" time="0.128" /><testcase classname="tests.backend_test.TestKaderBeranda" name="test_laporan_status" time="0.127" /><testcase classname="tests.backend_test.TestAdminDashboard" name="test_charts" time="0.213" /><testcase classname="tests.backend_test.TestDangerSign" name="test_red_visit_requires_reminder" time="0.830" /><testcase classname="tests.backend_test.TestAkreditasi" name="test_list_and_edit" time="0.512" /><testcase classname="tests.backend_test.TestAudit" name="test_audit" time="0.127" /></testsuite></testsuites>